{"D:\\CTSE\\Assigment\\booking-service\\src\\controllers\\bookingController.js": {"path":"D:\\CTSE\\Assigment\\booking-service\\src\\controllers\\bookingController.js","statementMap":{"0":{"start":{"line":1,"column":16},"end":{"line":1,"column":44}},"1":{"start":{"line":2,"column":22},"end":{"line":2,"column":58}},"2":{"start":{"line":3,"column":20},"end":{"line":3,"column":54}},"3":{"start":{"line":4,"column":23},"end":{"line":4,"column":60}},"4":{"start":{"line":5,"column":37},"end":{"line":5,"column":64}},"5":{"start":{"line":6,"column":19},"end":{"line":6,"column":45}},"6":{"start":{"line":8,"column":0},"end":{"line":106,"column":2}},"7":{"start":{"line":9,"column":4},"end":{"line":105,"column":5}},"8":{"start":{"line":13,"column":12},"end":{"line":13,"column":20}},"9":{"start":{"line":15,"column":8},"end":{"line":15,"column":79}},"10":{"start":{"line":18,"column":31},"end":{"line":18,"column":69}},"11":{"start":{"line":19,"column":8},"end":{"line":25,"column":9}},"12":{"start":{"line":20,"column":12},"end":{"line":24,"column":15}},"13":{"start":{"line":28,"column":29},"end":{"line":28,"column":76}},"14":{"start":{"line":29,"column":8},"end":{"line":34,"column":9}},"15":{"start":{"line":30,"column":12},"end":{"line":33,"column":15}},"16":{"start":{"line":37,"column":28},"end":{"line":37,"column":75}},"17":{"start":{"line":40,"column":24},"end":{"line":45,"column":10}},"18":{"start":{"line":48,"column":33},"end":{"line":48,"column":59}},"19":{"start":{"line":49,"column":24},"end":{"line":64,"column":10}},"20":{"start":{"line":67,"column":8},"end":{"line":67,"column":79}},"21":{"start":{"line":69,"column":8},"end":{"line":69,"column":62}},"22":{"start":{"line":72,"column":8},"end":{"line":86,"column":11}},"23":{"start":{"line":89,"column":8},"end":{"line":89,"column":65}},"24":{"start":{"line":91,"column":8},"end":{"line":104,"column":9}},"25":{"start":{"line":93,"column":12},"end":{"line":97,"column":15}},"26":{"start":{"line":99,"column":12},"end":{"line":103,"column":15}},"27":{"start":{"line":108,"column":0},"end":{"line":123,"column":2}},"28":{"start":{"line":109,"column":4},"end":{"line":122,"column":5}},"29":{"start":{"line":110,"column":25},"end":{"line":110,"column":48}},"30":{"start":{"line":111,"column":8},"end":{"line":115,"column":11}},"31":{"start":{"line":117,"column":8},"end":{"line":117,"column":70}},"32":{"start":{"line":118,"column":8},"end":{"line":121,"column":11}},"33":{"start":{"line":125,"column":0},"end":{"line":160,"column":2}},"34":{"start":{"line":126,"column":4},"end":{"line":159,"column":5}},"35":{"start":{"line":127,"column":23},"end":{"line":127,"column":33}},"36":{"start":{"line":129,"column":24},"end":{"line":129,"column":50}},"37":{"start":{"line":131,"column":8},"end":{"line":136,"column":9}},"38":{"start":{"line":132,"column":12},"end":{"line":135,"column":15}},"39":{"start":{"line":139,"column":28},"end":{"line":139,"column":32}},"40":{"start":{"line":140,"column":8},"end":{"line":144,"column":9}},"41":{"start":{"line":141,"column":12},"end":{"line":141,"column":81}},"42":{"start":{"line":143,"column":12},"end":{"line":143,"column":58}},"43":{"start":{"line":146,"column":8},"end":{"line":152,"column":11}},"44":{"start":{"line":154,"column":8},"end":{"line":154,"column":65}},"45":{"start":{"line":155,"column":8},"end":{"line":158,"column":11}},"46":{"start":{"line":162,"column":0},"end":{"line":180,"column":2}},"47":{"start":{"line":163,"column":4},"end":{"line":179,"column":5}},"48":{"start":{"line":164,"column":27},"end":{"line":164,"column":37}},"49":{"start":{"line":166,"column":25},"end":{"line":166,"column":59}},"50":{"start":{"line":168,"column":8},"end":{"line":172,"column":11}},"51":{"start":{"line":174,"column":8},"end":{"line":174,"column":71}},"52":{"start":{"line":175,"column":8},"end":{"line":178,"column":11}},"53":{"start":{"line":182,"column":0},"end":{"line":215,"column":2}},"54":{"start":{"line":183,"column":4},"end":{"line":214,"column":5}},"55":{"start":{"line":184,"column":23},"end":{"line":184,"column":33}},"56":{"start":{"line":186,"column":24},"end":{"line":186,"column":50}},"57":{"start":{"line":188,"column":8},"end":{"line":193,"column":9}},"58":{"start":{"line":189,"column":12},"end":{"line":192,"column":15}},"59":{"start":{"line":195,"column":8},"end":{"line":200,"column":9}},"60":{"start":{"line":196,"column":12},"end":{"line":199,"column":15}},"61":{"start":{"line":202,"column":8},"end":{"line":202,"column":52}},"62":{"start":{"line":204,"column":8},"end":{"line":207,"column":11}},"63":{"start":{"line":209,"column":8},"end":{"line":209,"column":67}},"64":{"start":{"line":210,"column":8},"end":{"line":213,"column":11}}},"fnMap":{"0":{"name":"(anonymous_0)","decl":{"start":{"line":8,"column":24},"end":{"line":8,"column":25}},"loc":{"start":{"line":8,"column":44},"end":{"line":106,"column":1}},"line":8},"1":{"name":"(anonymous_1)","decl":{"start":{"line":108,"column":25},"end":{"line":108,"column":26}},"loc":{"start":{"line":108,"column":45},"end":{"line":123,"column":1}},"line":108},"2":{"name":"(anonymous_2)","decl":{"start":{"line":125,"column":21},"end":{"line":125,"column":22}},"loc":{"start":{"line":125,"column":41},"end":{"line":160,"column":1}},"line":125},"3":{"name":"(anonymous_3)","decl":{"start":{"line":162,"column":26},"end":{"line":162,"column":27}},"loc":{"start":{"line":162,"column":46},"end":{"line":180,"column":1}},"line":162},"4":{"name":"(anonymous_4)","decl":{"start":{"line":182,"column":24},"end":{"line":182,"column":25}},"loc":{"start":{"line":182,"column":44},"end":{"line":215,"column":1}},"line":182}},"branchMap":{"0":{"loc":{"start":{"line":19,"column":8},"end":{"line":25,"column":9}},"type":"if","locations":[{"start":{"line":19,"column":8},"end":{"line":25,"column":9}},{"start":{},"end":{}}],"line":19},"1":{"loc":{"start":{"line":29,"column":8},"end":{"line":34,"column":9}},"type":"if","locations":[{"start":{"line":29,"column":8},"end":{"line":34,"column":9}},{"start":{},"end":{}}],"line":29},"2":{"loc":{"start":{"line":78,"column":31},"end":{"line":78,"column":84}},"type":"binary-expr","locations":[{"start":{"line":78,"column":31},"end":{"line":78,"column":56}},{"start":{"line":78,"column":60},"end":{"line":78,"column":84}}],"line":78},"3":{"loc":{"start":{"line":91,"column":8},"end":{"line":104,"column":9}},"type":"if","locations":[{"start":{"line":91,"column":8},"end":{"line":104,"column":9}},{"start":{"line":98,"column":15},"end":{"line":104,"column":9}}],"line":91},"4":{"loc":{"start":{"line":93,"column":23},"end":{"line":93,"column":42}},"type":"binary-expr","locations":[{"start":{"line":93,"column":23},"end":{"line":93,"column":35}},{"start":{"line":93,"column":39},"end":{"line":93,"column":42}}],"line":93},"5":{"loc":{"start":{"line":131,"column":8},"end":{"line":136,"column":9}},"type":"if","locations":[{"start":{"line":131,"column":8},"end":{"line":136,"column":9}},{"start":{},"end":{}}],"line":131},"6":{"loc":{"start":{"line":188,"column":8},"end":{"line":193,"column":9}},"type":"if","locations":[{"start":{"line":188,"column":8},"end":{"line":193,"column":9}},{"start":{},"end":{}}],"line":188},"7":{"loc":{"start":{"line":195,"column":8},"end":{"line":200,"column":9}},"type":"if","locations":[{"start":{"line":195,"column":8},"end":{"line":200,"column":9}},{"start":{},"end":{}}],"line":195}},"s":{"0":2,"1":2,"2":2,"3":2,"4":2,"5":2,"6":2,"7":1,"8":1,"9":1,"10":1,"11":1,"12":0,"13":1,"14":1,"15":0,"16":1,"17":1,"18":1,"19":1,"20":1,"21":1,"22":1,"23":0,"24":0,"25":0,"26":0,"27":2,"28":1,"29":1,"30":1,"31":0,"32":0,"33":2,"34":0,"35":0,"36":0,"37":0,"38":0,"39":0,"40":0,"41":0,"42":0,"43":0,"44":0,"45":0,"46":2,"47":0,"48":0,"49":0,"50":0,"51":0,"52":0,"53":2,"54":0,"55":0,"56":0,"57":0,"58":0,"59":0,"60":0,"61":0,"62":0,"63":0,"64":0},"f":{"0":1,"1":1,"2":0,"3":0,"4":0},"b":{"0":[0,1],"1":[0,1],"2":[1,0],"3":[0,0],"4":[0,0],"5":[0,0],"6":[0,0],"7":[0,0]},"_coverageSchema":"1a1c01bbd47fc00a2c39e90264f33305004495a9","hash":"8a1e9fa1d3a8f9ec74f2c607a574208755d83cc4"}
,"D:\\CTSE\\Assigment\\booking-service\\src\\middleware\\auth.js": {"path":"D:\\CTSE\\Assigment\\booking-service\\src\\middleware\\auth.js","statementMap":{"0":{"start":{"line":2,"column":0},"end":{"line":5,"column":2}},"1":{"start":{"line":4,"column":2},"end":{"line":4,"column":9}}},"fnMap":{"0":{"name":"(anonymous_0)","decl":{"start":{"line":2,"column":17},"end":{"line":2,"column":18}},"loc":{"start":{"line":2,"column":37},"end":{"line":5,"column":1}},"line":2}},"branchMap":{},"s":{"0":0,"1":0},"f":{"0":0},"b":{}}
,"D:\\CTSE\\Assigment\\booking-service\\src\\middleware\\validation.js": {"path":"D:\\CTSE\\Assigment\\booking-service\\src\\middleware\\validation.js","statementMap":{"0":{"start":{"line":1,"column":12},"end":{"line":1,"column":26}},"1":{"start":{"line":3,"column":22},"end":{"line":11,"column":2}},"2":{"start":{"line":13,"column":0},"end":{"line":25,"column":2}},"3":{"start":{"line":14,"column":22},"end":{"line":14,"column":54}},"4":{"start":{"line":16,"column":4},"end":{"line":22,"column":5}},"5":{"start":{"line":17,"column":8},"end":{"line":21,"column":11}},"6":{"start":{"line":20,"column":44},"end":{"line":20,"column":53}},"7":{"start":{"line":24,"column":4},"end":{"line":24,"column":11}}},"fnMap":{"0":{"name":"(anonymous_0)","decl":{"start":{"line":13,"column":26},"end":{"line":13,"column":27}},"loc":{"start":{"line":13,"column":46},"end":{"line":25,"column":1}},"line":13},"1":{"name":"(anonymous_1)","decl":{"start":{"line":20,"column":39},"end":{"line":20,"column":40}},"loc":{"start":{"line":20,"column":44},"end":{"line":20,"column":53}},"line":20}},"branchMap":{"0":{"loc":{"start":{"line":16,"column":4},"end":{"line":22,"column":5}},"type":"if","locations":[{"start":{"line":16,"column":4},"end":{"line":22,"column":5}},{"start":{},"end":{}}],"line":16}},"s":{"0":2,"1":2,"2":2,"3":1,"4":1,"5":0,"6":0,"7":1},"f":{"0":1,"1":0},"b":{"0":[0,1]},"_coverageSchema":"1a1c01bbd47fc00a2c39e90264f33305004495a9","hash":"21ba84567218b7043e1c1a2a412164b04a2c4939"}
,"D:\\CTSE\\Assigment\\booking-service\\src\\models\\Booking.js": {"path":"D:\\CTSE\\Assigment\\booking-service\\src\\models\\Booking.js","statementMap":{"0":{"start":{"line":1,"column":20},"end":{"line":1,"column":35}},"1":{"start":{"line":2,"column":19},"end":{"line":2,"column":45}},"2":{"start":{"line":5,"column":15},"end":{"line":5,"column":46}},"3":{"start":{"line":6,"column":18},"end":{"line":6,"column":20}},"4":{"start":{"line":11,"column":8},"end":{"line":11,"column":41}},"5":{"start":{"line":11,"column":20},"end":{"line":11,"column":41}},"6":{"start":{"line":14,"column":8},"end":{"line":22,"column":9}},"7":{"start":{"line":15,"column":28},"end":{"line":15,"column":72}},"8":{"start":{"line":17,"column":12},"end":{"line":19,"column":13}},"9":{"start":{"line":18,"column":16},"end":{"line":18,"column":69}},"10":{"start":{"line":20,"column":12},"end":{"line":20,"column":36}},"11":{"start":{"line":21,"column":12},"end":{"line":21,"column":27}},"12":{"start":{"line":24,"column":21},"end":{"line":24,"column":30}},"13":{"start":{"line":25,"column":22},"end":{"line":33,"column":9}},"14":{"start":{"line":35,"column":23},"end":{"line":50,"column":9}},"15":{"start":{"line":52,"column":8},"end":{"line":58,"column":9}},"16":{"start":{"line":53,"column":27},"end":{"line":53,"column":58}},"17":{"start":{"line":54,"column":12},"end":{"line":54,"column":34}},"18":{"start":{"line":56,"column":12},"end":{"line":56,"column":93}},"19":{"start":{"line":57,"column":12},"end":{"line":57,"column":24}},"20":{"start":{"line":62,"column":8},"end":{"line":64,"column":9}},"21":{"start":{"line":63,"column":12},"end":{"line":63,"column":80}},"22":{"start":{"line":63,"column":39},"end":{"line":63,"column":78}},"23":{"start":{"line":66,"column":21},"end":{"line":66,"column":30}},"24":{"start":{"line":67,"column":22},"end":{"line":67,"column":86}},"25":{"start":{"line":69,"column":8},"end":{"line":75,"column":9}},"26":{"start":{"line":70,"column":27},"end":{"line":70,"column":56}},"27":{"start":{"line":71,"column":12},"end":{"line":71,"column":34}},"28":{"start":{"line":73,"column":12},"end":{"line":73,"column":92}},"29":{"start":{"line":74,"column":12},"end":{"line":74,"column":24}},"30":{"start":{"line":79,"column":8},"end":{"line":81,"column":9}},"31":{"start":{"line":80,"column":12},"end":{"line":80,"column":62}},"32":{"start":{"line":80,"column":41},"end":{"line":80,"column":60}},"33":{"start":{"line":83,"column":21},"end":{"line":83,"column":30}},"34":{"start":{"line":84,"column":22},"end":{"line":84,"column":90}},"35":{"start":{"line":86,"column":8},"end":{"line":92,"column":9}},"36":{"start":{"line":87,"column":27},"end":{"line":87,"column":60}},"37":{"start":{"line":88,"column":12},"end":{"line":88,"column":31}},"38":{"start":{"line":90,"column":12},"end":{"line":90,"column":98}},"39":{"start":{"line":91,"column":12},"end":{"line":91,"column":24}},"40":{"start":{"line":96,"column":8},"end":{"line":98,"column":9}},"41":{"start":{"line":97,"column":12},"end":{"line":97,"column":37}},"42":{"start":{"line":99,"column":21},"end":{"line":99,"column":30}},"43":{"start":{"line":100,"column":22},"end":{"line":100,"column":71}},"44":{"start":{"line":101,"column":8},"end":{"line":107,"column":9}},"45":{"start":{"line":102,"column":27},"end":{"line":102,"column":50}},"46":{"start":{"line":103,"column":12},"end":{"line":103,"column":31}},"47":{"start":{"line":105,"column":12},"end":{"line":105,"column":98}},"48":{"start":{"line":106,"column":12},"end":{"line":106,"column":24}},"49":{"start":{"line":111,"column":8},"end":{"line":117,"column":9}},"50":{"start":{"line":112,"column":22},"end":{"line":112,"column":45}},"51":{"start":{"line":113,"column":12},"end":{"line":113,"column":32}},"52":{"start":{"line":113,"column":20},"end":{"line":113,"column":32}},"53":{"start":{"line":114,"column":12},"end":{"line":114,"column":30}},"54":{"start":{"line":115,"column":12},"end":{"line":115,"column":52}},"55":{"start":{"line":115,"column":27},"end":{"line":115,"column":52}},"56":{"start":{"line":116,"column":12},"end":{"line":116,"column":21}},"57":{"start":{"line":119,"column":21},"end":{"line":119,"column":30}},"58":{"start":{"line":120,"column":22},"end":{"line":125,"column":9}},"59":{"start":{"line":127,"column":8},"end":{"line":133,"column":9}},"60":{"start":{"line":128,"column":27},"end":{"line":128,"column":75}},"61":{"start":{"line":129,"column":12},"end":{"line":129,"column":34}},"62":{"start":{"line":131,"column":12},"end":{"line":131,"column":100}},"63":{"start":{"line":132,"column":12},"end":{"line":132,"column":24}},"64":{"start":{"line":137,"column":0},"end":{"line":137,"column":25}}},"fnMap":{"0":{"name":"(anonymous_0)","decl":{"start":{"line":10,"column":4},"end":{"line":10,"column":5}},"loc":{"start":{"line":10,"column":29},"end":{"line":12,"column":5}},"line":10},"1":{"name":"(anonymous_1)","decl":{"start":{"line":13,"column":4},"end":{"line":13,"column":5}},"loc":{"start":{"line":13,"column":37},"end":{"line":59,"column":5}},"line":13},"2":{"name":"(anonymous_2)","decl":{"start":{"line":61,"column":4},"end":{"line":61,"column":5}},"loc":{"start":{"line":61,"column":30},"end":{"line":76,"column":5}},"line":61},"3":{"name":"(anonymous_3)","decl":{"start":{"line":63,"column":34},"end":{"line":63,"column":35}},"loc":{"start":{"line":63,"column":39},"end":{"line":63,"column":78}},"line":63},"4":{"name":"(anonymous_4)","decl":{"start":{"line":78,"column":4},"end":{"line":78,"column":5}},"loc":{"start":{"line":78,"column":38},"end":{"line":93,"column":5}},"line":78},"5":{"name":"(anonymous_5)","decl":{"start":{"line":80,"column":36},"end":{"line":80,"column":37}},"loc":{"start":{"line":80,"column":41},"end":{"line":80,"column":60}},"line":80},"6":{"name":"(anonymous_6)","decl":{"start":{"line":95,"column":4},"end":{"line":95,"column":5}},"loc":{"start":{"line":95,"column":27},"end":{"line":108,"column":5}},"line":95},"7":{"name":"(anonymous_7)","decl":{"start":{"line":110,"column":4},"end":{"line":110,"column":5}},"loc":{"start":{"line":110,"column":60},"end":{"line":134,"column":5}},"line":110}},"branchMap":{"0":{"loc":{"start":{"line":11,"column":8},"end":{"line":11,"column":41}},"type":"if","locations":[{"start":{"line":11,"column":8},"end":{"line":11,"column":41}},{"start":{},"end":{}}],"line":11},"1":{"loc":{"start":{"line":14,"column":8},"end":{"line":22,"column":9}},"type":"if","locations":[{"start":{"line":14,"column":8},"end":{"line":22,"column":9}},{"start":{},"end":{}}],"line":14},"2":{"loc":{"start":{"line":17,"column":12},"end":{"line":19,"column":13}},"type":"if","locations":[{"start":{"line":17,"column":12},"end":{"line":19,"column":13}},{"start":{},"end":{}}],"line":17},"3":{"loc":{"start":{"line":62,"column":8},"end":{"line":64,"column":9}},"type":"if","locations":[{"start":{"line":62,"column":8},"end":{"line":64,"column":9}},{"start":{},"end":{}}],"line":62},"4":{"loc":{"start":{"line":63,"column":39},"end":{"line":63,"column":78}},"type":"binary-expr","locations":[{"start":{"line":63,"column":39},"end":{"line":63,"column":49}},{"start":{"line":63,"column":53},"end":{"line":63,"column":78}}],"line":63},"5":{"loc":{"start":{"line":79,"column":8},"end":{"line":81,"column":9}},"type":"if","locations":[{"start":{"line":79,"column":8},"end":{"line":81,"column":9}},{"start":{},"end":{}}],"line":79},"6":{"loc":{"start":{"line":96,"column":8},"end":{"line":98,"column":9}},"type":"if","locations":[{"start":{"line":96,"column":8},"end":{"line":98,"column":9}},{"start":{},"end":{}}],"line":96},"7":{"loc":{"start":{"line":110,"column":42},"end":{"line":110,"column":58}},"type":"default-arg","locations":[{"start":{"line":110,"column":54},"end":{"line":110,"column":58}}],"line":110},"8":{"loc":{"start":{"line":111,"column":8},"end":{"line":117,"column":9}},"type":"if","locations":[{"start":{"line":111,"column":8},"end":{"line":117,"column":9}},{"start":{},"end":{}}],"line":111},"9":{"loc":{"start":{"line":113,"column":12},"end":{"line":113,"column":32}},"type":"if","locations":[{"start":{"line":113,"column":12},"end":{"line":113,"column":32}},{"start":{},"end":{}}],"line":113},"10":{"loc":{"start":{"line":115,"column":12},"end":{"line":115,"column":52}},"type":"if","locations":[{"start":{"line":115,"column":12},"end":{"line":115,"column":52}},{"start":{},"end":{}}],"line":115}},"s":{"0":2,"1":2,"2":2,"3":2,"4":6,"5":6,"6":1,"7":1,"8":1,"9":1,"10":1,"11":1,"12":0,"13":0,"14":0,"15":0,"16":0,"17":0,"18":0,"19":0,"20":1,"21":1,"22":1,"23":0,"24":0,"25":0,"26":0,"27":0,"28":0,"29":0,"30":0,"31":0,"32":0,"33":0,"34":0,"35":0,"36":0,"37":0,"38":0,"39":0,"40":1,"41":1,"42":0,"43":0,"44":0,"45":0,"46":0,"47":0,"48":0,"49":1,"50":1,"51":1,"52":0,"53":1,"54":1,"55":1,"56":1,"57":0,"58":0,"59":0,"60":0,"61":0,"62":0,"63":0,"64":2},"f":{"0":6,"1":1,"2":1,"3":1,"4":0,"5":0,"6":1,"7":1},"b":{"0":[6,0],"1":[1,0],"2":[1,0],"3":[1,0],"4":[1,0],"5":[0,0],"6":[1,0],"7":[0],"8":[1,0],"9":[0,1],"10":[1,0]},"_coverageSchema":"1a1c01bbd47fc00a2c39e90264f33305004495a9","hash":"e4aeaa6d000eaa80d1d0cfe9ce56b9dbacd6dba7"}
,"D:\\CTSE\\Assigment\\booking-service\\src\\models\\db.js": {"path":"D:\\CTSE\\Assigment\\booking-service\\src\\models\\db.js","statementMap":{"0":{"start":{"line":1,"column":17},"end":{"line":1,"column":30}},"1":{"start":{"line":2,"column":19},"end":{"line":2,"column":45}},"2":{"start":{"line":6,"column":18},"end":{"line":33,"column":1}},"3":{"start":{"line":8,"column":4},"end":{"line":11,"column":5}},"4":{"start":{"line":9,"column":8},"end":{"line":9,"column":83}},"5":{"start":{"line":10,"column":8},"end":{"line":10,"column":15}},"6":{"start":{"line":13,"column":4},"end":{"line":32,"column":5}},"7":{"start":{"line":14,"column":8},"end":{"line":22,"column":11}},"8":{"start":{"line":24,"column":8},"end":{"line":24,"column":41}},"9":{"start":{"line":25,"column":8},"end":{"line":25,"column":49}},"10":{"start":{"line":27,"column":8},"end":{"line":27,"column":29}},"11":{"start":{"line":28,"column":8},"end":{"line":28,"column":20}},"12":{"start":{"line":30,"column":8},"end":{"line":30,"column":60}},"13":{"start":{"line":35,"column":21},"end":{"line":72,"column":1}},"14":{"start":{"line":36,"column":18},"end":{"line":63,"column":5}},"15":{"start":{"line":65,"column":4},"end":{"line":71,"column":5}},"16":{"start":{"line":66,"column":8},"end":{"line":66,"column":32}},"17":{"start":{"line":67,"column":8},"end":{"line":67,"column":49}},"18":{"start":{"line":69,"column":8},"end":{"line":69,"column":56}},"19":{"start":{"line":70,"column":8},"end":{"line":70,"column":20}},"20":{"start":{"line":74,"column":16},"end":{"line":77,"column":1}},"21":{"start":{"line":75,"column":4},"end":{"line":75,"column":57}},"22":{"start":{"line":75,"column":15},"end":{"line":75,"column":57}},"23":{"start":{"line":76,"column":4},"end":{"line":76,"column":16}},"24":{"start":{"line":79,"column":0},"end":{"line":79,"column":49}},"25":{"start":{"line":83,"column":4},"end":{"line":87,"column":5}},"26":{"start":{"line":84,"column":8},"end":{"line":84,"column":25}},"27":{"start":{"line":85,"column":8},"end":{"line":85,"column":20}},"28":{"start":{"line":86,"column":8},"end":{"line":86,"column":46}}},"fnMap":{"0":{"name":"(anonymous_0)","decl":{"start":{"line":6,"column":18},"end":{"line":6,"column":19}},"loc":{"start":{"line":6,"column":30},"end":{"line":33,"column":1}},"line":6},"1":{"name":"(anonymous_1)","decl":{"start":{"line":35,"column":21},"end":{"line":35,"column":22}},"loc":{"start":{"line":35,"column":33},"end":{"line":72,"column":1}},"line":35},"2":{"name":"(anonymous_2)","decl":{"start":{"line":74,"column":16},"end":{"line":74,"column":17}},"loc":{"start":{"line":74,"column":22},"end":{"line":77,"column":1}},"line":74},"3":{"name":"closeDB","decl":{"start":{"line":82,"column":15},"end":{"line":82,"column":22}},"loc":{"start":{"line":82,"column":25},"end":{"line":88,"column":1}},"line":82}},"branchMap":{"0":{"loc":{"start":{"line":8,"column":4},"end":{"line":11,"column":5}},"type":"if","locations":[{"start":{"line":8,"column":4},"end":{"line":11,"column":5}},{"start":{},"end":{}}],"line":8},"1":{"loc":{"start":{"line":8,"column":8},"end":{"line":8,"column":52}},"type":"binary-expr","locations":[{"start":{"line":8,"column":8},"end":{"line":8,"column":28}},{"start":{"line":8,"column":32},"end":{"line":8,"column":52}}],"line":8},"2":{"loc":{"start":{"line":16,"column":18},"end":{"line":16,"column":45}},"type":"binary-expr","locations":[{"start":{"line":16,"column":18},"end":{"line":16,"column":37}},{"start":{"line":16,"column":41},"end":{"line":16,"column":45}}],"line":16},"3":{"loc":{"start":{"line":75,"column":4},"end":{"line":75,"column":57}},"type":"if","locations":[{"start":{"line":75,"column":4},"end":{"line":75,"column":57}},{"start":{},"end":{}}],"line":75},"4":{"loc":{"start":{"line":83,"column":4},"end":{"line":87,"column":5}},"type":"if","locations":[{"start":{"line":83,"column":4},"end":{"line":87,"column":5}},{"start":{},"end":{}}],"line":83}},"s":{"0":2,"1":2,"2":2,"3":0,"4":0,"5":0,"6":0,"7":0,"8":0,"9":0,"10":0,"11":0,"12":0,"13":2,"14":0,"15":0,"16":0,"17":0,"18":0,"19":0,"20":2,"21":0,"22":0,"23":0,"24":2,"25":0,"26":0,"27":0,"28":0},"f":{"0":0,"1":0,"2":0,"3":0},"b":{"0":[0,0],"1":[0,0],"2":[0,0],"3":[0,0],"4":[0,0]},"_coverageSchema":"1a1c01bbd47fc00a2c39e90264f33305004495a9","hash":"e53fd9367ae805693e11e782ab45581fd79b6168"}
,"D:\\CTSE\\Assigment\\booking-service\\src\\routes\\bookingRoutes.js": {"path":"D:\\CTSE\\Assigment\\booking-service\\src\\routes\\bookingRoutes.js","statementMap":{"0":{"start":{"line":1,"column":16},"end":{"line":1,"column":34}},"1":{"start":{"line":2,"column":26},"end":{"line":2,"column":69}},"2":{"start":{"line":3,"column":28},"end":{"line":3,"column":63}},"3":{"start":{"line":5,"column":15},"end":{"line":5,"column":31}},"4":{"start":{"line":8,"column":0},"end":{"line":8,"column":50}},"5":{"start":{"line":9,"column":0},"end":{"line":9,"column":63}},"6":{"start":{"line":10,"column":0},"end":{"line":10,"column":49}},"7":{"start":{"line":11,"column":0},"end":{"line":11,"column":67}},"8":{"start":{"line":12,"column":0},"end":{"line":12,"column":61}},"9":{"start":{"line":14,"column":0},"end":{"line":14,"column":24}}},"fnMap":{},"branchMap":{},"s":{"0":2,"1":2,"2":2,"3":2,"4":2,"5":2,"6":2,"7":2,"8":2,"9":2},"f":{},"b":{},"_coverageSchema":"1a1c01bbd47fc00a2c39e90264f33305004495a9","hash":"b48dbafa97304f8a5babca7aa729ef1c30fda442"}
,"D:\\CTSE\\Assigment\\booking-service\\src\\services\\flightService.js": {"path":"D:\\CTSE\\Assigment\\booking-service\\src\\services\\flightService.js","statementMap":{"0":{"start":{"line":1,"column":14},"end":{"line":1,"column":30}},"1":{"start":{"line":2,"column":19},"end":{"line":2,"column":45}},"2":{"start":{"line":4,"column":27},"end":{"line":4,"column":57}},"3":{"start":{"line":9,"column":8},"end":{"line":20,"column":9}},"4":{"start":{"line":10,"column":12},"end":{"line":10,"column":53}},"5":{"start":{"line":11,"column":12},"end":{"line":19,"column":14}},"6":{"start":{"line":22,"column":8},"end":{"line":54,"column":9}},"7":{"start":{"line":23,"column":12},"end":{"line":23,"column":83}},"8":{"start":{"line":25,"column":29},"end":{"line":28,"column":13}},"9":{"start":{"line":30,"column":12},"end":{"line":30,"column":74}},"10":{"start":{"line":31,"column":12},"end":{"line":31,"column":38}},"11":{"start":{"line":33,"column":12},"end":{"line":33,"column":69}},"12":{"start":{"line":35,"column":12},"end":{"line":53,"column":13}},"13":{"start":{"line":36,"column":16},"end":{"line":40,"column":18}},"14":{"start":{"line":41,"column":19},"end":{"line":53,"column":13}},"15":{"start":{"line":42,"column":16},"end":{"line":46,"column":18}},"16":{"start":{"line":48,"column":16},"end":{"line":52,"column":18}},"17":{"start":{"line":58,"column":8},"end":{"line":69,"column":9}},"18":{"start":{"line":59,"column":27},"end":{"line":59,"column":61}},"19":{"start":{"line":61,"column":12},"end":{"line":65,"column":14}},"20":{"start":{"line":67,"column":12},"end":{"line":67,"column":74}},"21":{"start":{"line":68,"column":12},"end":{"line":68,"column":24}},"22":{"start":{"line":73,"column":0},"end":{"line":73,"column":37}}},"fnMap":{"0":{"name":"(anonymous_0)","decl":{"start":{"line":7,"column":4},"end":{"line":7,"column":5}},"loc":{"start":{"line":7,"column":34},"end":{"line":55,"column":5}},"line":7},"1":{"name":"(anonymous_1)","decl":{"start":{"line":57,"column":4},"end":{"line":57,"column":5}},"loc":{"start":{"line":57,"column":55},"end":{"line":70,"column":5}},"line":57}},"branchMap":{"0":{"loc":{"start":{"line":9,"column":8},"end":{"line":20,"column":9}},"type":"if","locations":[{"start":{"line":9,"column":8},"end":{"line":20,"column":9}},{"start":{},"end":{}}],"line":9},"1":{"loc":{"start":{"line":9,"column":12},"end":{"line":9,"column":66}},"type":"binary-expr","locations":[{"start":{"line":9,"column":12},"end":{"line":9,"column":31}},{"start":{"line":9,"column":35},"end":{"line":9,"column":66}}],"line":9},"2":{"loc":{"start":{"line":35,"column":12},"end":{"line":53,"column":13}},"type":"if","locations":[{"start":{"line":35,"column":12},"end":{"line":53,"column":13}},{"start":{"line":41,"column":19},"end":{"line":53,"column":13}}],"line":35},"3":{"loc":{"start":{"line":38,"column":29},"end":{"line":38,"column":82}},"type":"binary-expr","locations":[{"start":{"line":38,"column":29},"end":{"line":38,"column":56}},{"start":{"line":38,"column":60},"end":{"line":38,"column":82}}],"line":38},"4":{"loc":{"start":{"line":41,"column":19},"end":{"line":53,"column":13}},"type":"if","locations":[{"start":{"line":41,"column":19},"end":{"line":53,"column":13}},{"start":{"line":47,"column":19},"end":{"line":53,"column":13}}],"line":41},"5":{"loc":{"start":{"line":57,"column":38},"end":{"line":57,"column":53}},"type":"default-arg","locations":[{"start":{"line":57,"column":52},"end":{"line":57,"column":53}}],"line":57}},"s":{"0":0,"1":0,"2":0,"3":0,"4":0,"5":0,"6":0,"7":0,"8":0,"9":0,"10":0,"11":0,"12":0,"13":0,"14":0,"15":0,"16":0,"17":0,"18":0,"19":0,"20":0,"21":0,"22":0},"f":{"0":0,"1":0},"b":{"0":[0,0],"1":[0,0],"2":[0,0],"3":[0,0],"4":[0,0],"5":[0]}}
,"D:\\CTSE\\Assigment\\booking-service\\src\\services\\paymentService.js": {"path":"D:\\CTSE\\Assigment\\booking-service\\src\\services\\paymentService.js","statementMap":{"0":{"start":{"line":1,"column":14},"end":{"line":1,"column":30}},"1":{"start":{"line":2,"column":19},"end":{"line":2,"column":45}},"2":{"start":{"line":4,"column":28},"end":{"line":4,"column":59}},"3":{"start":{"line":9,"column":8},"end":{"line":16,"column":9}},"4":{"start":{"line":10,"column":12},"end":{"line":10,"column":54}},"5":{"start":{"line":11,"column":12},"end":{"line":15,"column":14}},"6":{"start":{"line":18,"column":8},"end":{"line":51,"column":9}},"7":{"start":{"line":19,"column":12},"end":{"line":19,"column":70}},"8":{"start":{"line":21,"column":29},"end":{"line":25,"column":13}},"9":{"start":{"line":27,"column":12},"end":{"line":27,"column":75}},"10":{"start":{"line":28,"column":12},"end":{"line":28,"column":33}},"11":{"start":{"line":30,"column":12},"end":{"line":30,"column":70}},"12":{"start":{"line":32,"column":12},"end":{"line":50,"column":13}},"13":{"start":{"line":33,"column":16},"end":{"line":37,"column":18}},"14":{"start":{"line":38,"column":19},"end":{"line":50,"column":13}},"15":{"start":{"line":39,"column":16},"end":{"line":43,"column":18}},"16":{"start":{"line":45,"column":16},"end":{"line":49,"column":18}},"17":{"start":{"line":56,"column":8},"end":{"line":58,"column":9}},"18":{"start":{"line":57,"column":12},"end":{"line":57,"column":39}},"19":{"start":{"line":60,"column":8},"end":{"line":73,"column":9}},"20":{"start":{"line":61,"column":12},"end":{"line":61,"column":78}},"21":{"start":{"line":63,"column":29},"end":{"line":66,"column":13}},"22":{"start":{"line":68,"column":25},"end":{"line":68,"column":38}},"23":{"start":{"line":69,"column":12},"end":{"line":69,"column":43}},"24":{"start":{"line":71,"column":12},"end":{"line":71,"column":69}},"25":{"start":{"line":72,"column":12},"end":{"line":72,"column":24}},"26":{"start":{"line":77,"column":0},"end":{"line":77,"column":38}}},"fnMap":{"0":{"name":"(anonymous_0)","decl":{"start":{"line":7,"column":4},"end":{"line":7,"column":5}},"loc":{"start":{"line":7,"column":38},"end":{"line":52,"column":5}},"line":7},"1":{"name":"(anonymous_1)","decl":{"start":{"line":54,"column":4},"end":{"line":54,"column":5}},"loc":{"start":{"line":54,"column":46},"end":{"line":74,"column":5}},"line":54}},"branchMap":{"0":{"loc":{"start":{"line":9,"column":8},"end":{"line":16,"column":9}},"type":"if","locations":[{"start":{"line":9,"column":8},"end":{"line":16,"column":9}},{"start":{},"end":{}}],"line":9},"1":{"loc":{"start":{"line":9,"column":12},"end":{"line":9,"column":67}},"type":"binary-expr","locations":[{"start":{"line":9,"column":12},"end":{"line":9,"column":32}},{"start":{"line":9,"column":36},"end":{"line":9,"column":67}}],"line":9},"2":{"loc":{"start":{"line":32,"column":12},"end":{"line":50,"column":13}},"type":"if","locations":[{"start":{"line":32,"column":12},"end":{"line":50,"column":13}},{"start":{"line":38,"column":19},"end":{"line":50,"column":13}}],"line":32},"3":{"loc":{"start":{"line":35,"column":29},"end":{"line":35,"column":83}},"type":"binary-expr","locations":[{"start":{"line":35,"column":29},"end":{"line":35,"column":56}},{"start":{"line":35,"column":60},"end":{"line":35,"column":83}}],"line":35},"4":{"loc":{"start":{"line":38,"column":19},"end":{"line":50,"column":13}},"type":"if","locations":[{"start":{"line":38,"column":19},"end":{"line":50,"column":13}},{"start":{"line":44,"column":19},"end":{"line":50,"column":13}}],"line":38},"5":{"loc":{"start":{"line":56,"column":8},"end":{"line":58,"column":9}},"type":"if","locations":[{"start":{"line":56,"column":8},"end":{"line":58,"column":9}},{"start":{},"end":{}}],"line":56},"6":{"loc":{"start":{"line":56,"column":12},"end":{"line":56,"column":67}},"type":"binary-expr","locations":[{"start":{"line":56,"column":12},"end":{"line":56,"column":32}},{"start":{"line":56,"column":36},"end":{"line":56,"column":67}}],"line":56}},"s":{"0":0,"1":0,"2":0,"3":0,"4":0,"5":0,"6":0,"7":0,"8":0,"9":0,"10":0,"11":0,"12":0,"13":0,"14":0,"15":0,"16":0,"17":0,"18":0,"19":0,"20":0,"21":0,"22":0,"23":0,"24":0,"25":0,"26":0},"f":{"0":0,"1":0},"b":{"0":[0,0],"1":[0,0],"2":[0,0],"3":[0,0],"4":[0,0],"5":[0,0],"6":[0,0]}}
,"D:\\CTSE\\Assigment\\booking-service\\src\\services\\userService.js": {"path":"D:\\CTSE\\Assigment\\booking-service\\src\\services\\userService.js","statementMap":{"0":{"start":{"line":1,"column":14},"end":{"line":1,"column":30}},"1":{"start":{"line":2,"column":19},"end":{"line":2,"column":45}},"2":{"start":{"line":4,"column":25},"end":{"line":4,"column":53}},"3":{"start":{"line":9,"column":8},"end":{"line":16,"column":9}},"4":{"start":{"line":10,"column":12},"end":{"line":10,"column":51}},"5":{"start":{"line":11,"column":12},"end":{"line":15,"column":14}},"6":{"start":{"line":18,"column":8},"end":{"line":50,"column":9}},"7":{"start":{"line":19,"column":12},"end":{"line":19,"column":73}},"8":{"start":{"line":21,"column":29},"end":{"line":24,"column":13}},"9":{"start":{"line":26,"column":12},"end":{"line":26,"column":72}},"10":{"start":{"line":27,"column":12},"end":{"line":27,"column":33}},"11":{"start":{"line":29,"column":12},"end":{"line":29,"column":67}},"12":{"start":{"line":31,"column":12},"end":{"line":49,"column":13}},"13":{"start":{"line":32,"column":16},"end":{"line":36,"column":18}},"14":{"start":{"line":37,"column":19},"end":{"line":49,"column":13}},"15":{"start":{"line":38,"column":16},"end":{"line":42,"column":18}},"16":{"start":{"line":44,"column":16},"end":{"line":48,"column":18}},"17":{"start":{"line":54,"column":8},"end":{"line":65,"column":9}},"18":{"start":{"line":55,"column":25},"end":{"line":55,"column":55}},"19":{"start":{"line":56,"column":12},"end":{"line":59,"column":14}},"20":{"start":{"line":61,"column":12},"end":{"line":64,"column":14}},"21":{"start":{"line":69,"column":0},"end":{"line":69,"column":35}}},"fnMap":{"0":{"name":"(anonymous_0)","decl":{"start":{"line":7,"column":4},"end":{"line":7,"column":5}},"loc":{"start":{"line":7,"column":30},"end":{"line":51,"column":5}},"line":7},"1":{"name":"(anonymous_1)","decl":{"start":{"line":53,"column":4},"end":{"line":53,"column":5}},"loc":{"start":{"line":53,"column":31},"end":{"line":66,"column":5}},"line":53}},"branchMap":{"0":{"loc":{"start":{"line":9,"column":8},"end":{"line":16,"column":9}},"type":"if","locations":[{"start":{"line":9,"column":8},"end":{"line":16,"column":9}},{"start":{},"end":{}}],"line":9},"1":{"loc":{"start":{"line":9,"column":12},"end":{"line":9,"column":64}},"type":"binary-expr","locations":[{"start":{"line":9,"column":12},"end":{"line":9,"column":29}},{"start":{"line":9,"column":33},"end":{"line":9,"column":64}}],"line":9},"2":{"loc":{"start":{"line":31,"column":12},"end":{"line":49,"column":13}},"type":"if","locations":[{"start":{"line":31,"column":12},"end":{"line":49,"column":13}},{"start":{"line":37,"column":19},"end":{"line":49,"column":13}}],"line":31},"3":{"loc":{"start":{"line":34,"column":29},"end":{"line":34,"column":80}},"type":"binary-expr","locations":[{"start":{"line":34,"column":29},"end":{"line":34,"column":56}},{"start":{"line":34,"column":60},"end":{"line":34,"column":80}}],"line":34},"4":{"loc":{"start":{"line":37,"column":19},"end":{"line":49,"column":13}},"type":"if","locations":[{"start":{"line":37,"column":19},"end":{"line":49,"column":13}},{"start":{"line":43,"column":19},"end":{"line":49,"column":13}}],"line":37}},"s":{"0":0,"1":0,"2":0,"3":0,"4":0,"5":0,"6":0,"7":0,"8":0,"9":0,"10":0,"11":0,"12":0,"13":0,"14":0,"15":0,"16":0,"17":0,"18":0,"19":0,"20":0,"21":0},"f":{"0":0,"1":0},"b":{"0":[0,0],"1":[0,0],"2":[0,0],"3":[0,0],"4":[0,0]}}
,"D:\\CTSE\\Assigment\\booking-service\\src\\utils\\helpers.js": {"path":"D:\\CTSE\\Assigment\\booking-service\\src\\utils\\helpers.js","statementMap":{"0":{"start":{"line":1,"column":23},"end":{"line":1,"column":38}},"1":{"start":{"line":3,"column":33},"end":{"line":5,"column":1}},"2":{"start":{"line":4,"column":4},"end":{"line":4,"column":58}},"3":{"start":{"line":7,"column":19},"end":{"line":9,"column":1}},"4":{"start":{"line":8,"column":4},"end":{"line":8,"column":40}},"5":{"start":{"line":11,"column":0},"end":{"line":14,"column":2}}},"fnMap":{"0":{"name":"(anonymous_0)","decl":{"start":{"line":3,"column":33},"end":{"line":3,"column":34}},"loc":{"start":{"line":3,"column":39},"end":{"line":5,"column":1}},"line":3},"1":{"name":"(anonymous_1)","decl":{"start":{"line":7,"column":19},"end":{"line":7,"column":20}},"loc":{"start":{"line":7,"column":29},"end":{"line":9,"column":1}},"line":7}},"branchMap":{},"s":{"0":2,"1":2,"2":2,"3":2,"4":0,"5":2},"f":{"0":2,"1":0},"b":{},"_coverageSchema":"1a1c01bbd47fc00a2c39e90264f33305004495a9","hash":"3ad2cea27cf411394b0c869b8017c1b360cda6f0"}
,"D:\\CTSE\\Assigment\\booking-service\\src\\utils\\logger.js": {"path":"D:\\CTSE\\Assigment\\booking-service\\src\\utils\\logger.js","statementMap":{"0":{"start":{"line":1,"column":16},"end":{"line":1,"column":34}},"1":{"start":{"line":4,"column":25},"end":{"line":15,"column":1}},"2":{"start":{"line":5,"column":17},"end":{"line":5,"column":30}},"3":{"start":{"line":6,"column":4},"end":{"line":14,"column":6}},"4":{"start":{"line":7,"column":8},"end":{"line":12,"column":9}},"5":{"start":{"line":8,"column":12},"end":{"line":10,"column":13}},"6":{"start":{"line":9,"column":16},"end":{"line":9,"column":36}},"7":{"start":{"line":11,"column":12},"end":{"line":11,"column":28}},"8":{"start":{"line":13,"column":8},"end":{"line":13,"column":21}},"9":{"start":{"line":17,"column":15},"end":{"line":31,"column":2}},"10":{"start":{"line":33,"column":0},"end":{"line":33,"column":28}}},"fnMap":{"0":{"name":"(anonymous_0)","decl":{"start":{"line":4,"column":25},"end":{"line":4,"column":26}},"loc":{"start":{"line":4,"column":31},"end":{"line":15,"column":1}},"line":4},"1":{"name":"(anonymous_1)","decl":{"start":{"line":6,"column":11},"end":{"line":6,"column":12}},"loc":{"start":{"line":6,"column":27},"end":{"line":14,"column":5}},"line":6}},"branchMap":{"0":{"loc":{"start":{"line":7,"column":8},"end":{"line":12,"column":9}},"type":"if","locations":[{"start":{"line":7,"column":8},"end":{"line":12,"column":9}},{"start":{},"end":{}}],"line":7},"1":{"loc":{"start":{"line":7,"column":12},"end":{"line":7,"column":55}},"type":"binary-expr","locations":[{"start":{"line":7,"column":12},"end":{"line":7,"column":37}},{"start":{"line":7,"column":41},"end":{"line":7,"column":55}}],"line":7},"2":{"loc":{"start":{"line":8,"column":12},"end":{"line":10,"column":13}},"type":"if","locations":[{"start":{"line":8,"column":12},"end":{"line":10,"column":13}},{"start":{},"end":{}}],"line":8},"3":{"loc":{"start":{"line":18,"column":11},"end":{"line":18,"column":42}},"type":"binary-expr","locations":[{"start":{"line":18,"column":11},"end":{"line":18,"column":32}},{"start":{"line":18,"column":36},"end":{"line":18,"column":42}}],"line":18}},"s":{"0":2,"1":2,"2":9,"3":9,"4":0,"5":0,"6":0,"7":0,"8":0,"9":2,"10":2},"f":{"0":9,"1":0},"b":{"0":[0,0],"1":[0,0],"2":[0,0],"3":[2,0]},"_coverageSchema":"1a1c01bbd47fc00a2c39e90264f33305004495a9","hash":"5936bc2bfd226e8b55c6c707962fb9261e08a5b2"}
}
